c:\users\josie\downloads\project_template_diffuse(2)\project_template_diffuse\project_template\x64\debug\vc142.pdb
c:\users\josie\downloads\project_template_diffuse(2)\project_template_diffuse\project_template\x64\debug\vc142.idb
c:\users\josie\downloads\project_template_diffuse(2)\project_template_diffuse\project_template\x64\debug\glad.obj
c:\users\josie\downloads\project_template_diffuse(2)\project_template_diffuse\project_template\x64\debug\scenebasic_uniform.obj
c:\users\josie\downloads\project_template_diffuse(2)\project_template_diffuse\project_template\x64\debug\main.obj
c:\users\josie\downloads\project_template_diffuse(2)\project_template_diffuse\project_template\x64\debug\trianglemesh.obj
c:\users\josie\downloads\project_template_diffuse(2)\project_template_diffuse\project_template\x64\debug\torus.obj
c:\users\josie\downloads\project_template_diffuse(2)\project_template_diffuse\project_template\x64\debug\teapot.obj
c:\users\josie\downloads\project_template_diffuse(2)\project_template_diffuse\project_template\x64\debug\glutils.obj
c:\users\josie\downloads\project_template_diffuse(2)\project_template_diffuse\project_template\x64\debug\glslprogram.obj
c:\users\josie\desktop\finalyear\comp3015 - games graphics\repo-comp3015-game-graphics-pipelines\project_template_diffuse\project_template\x64\debug\vc142.pdb
c:\users\josie\desktop\finalyear\comp3015 - games graphics\repo-comp3015-game-graphics-pipelines\project_template_diffuse\project_template\x64\debug\vc142.idb
c:\users\josie\desktop\finalyear\comp3015 - games graphics\repo-comp3015-game-graphics-pipelines\project_template_diffuse\project_template\x64\debug\glad.obj
c:\users\josie\desktop\finalyear\comp3015 - games graphics\repo-comp3015-game-graphics-pipelines\project_template_diffuse\project_template\x64\debug\scenebasic_uniform.obj
c:\users\josie\desktop\finalyear\comp3015 - games graphics\repo-comp3015-game-graphics-pipelines\project_template_diffuse\project_template\x64\debug\main.obj
c:\users\josie\desktop\finalyear\comp3015 - games graphics\repo-comp3015-game-graphics-pipelines\project_template_diffuse\project_template\x64\debug\trianglemesh.obj
c:\users\josie\desktop\finalyear\comp3015 - games graphics\repo-comp3015-game-graphics-pipelines\project_template_diffuse\project_template\x64\debug\torus.obj
c:\users\josie\desktop\finalyear\comp3015 - games graphics\repo-comp3015-game-graphics-pipelines\project_template_diffuse\project_template\x64\debug\teapot.obj
c:\users\josie\desktop\finalyear\comp3015 - games graphics\repo-comp3015-game-graphics-pipelines\project_template_diffuse\project_template\x64\debug\glutils.obj
c:\users\josie\desktop\finalyear\comp3015 - games graphics\repo-comp3015-game-graphics-pipelines\project_template_diffuse\project_template\x64\debug\glslprogram.obj
c:\users\josie\downloads\project_template_diffuse(2)\project_template_diffuse\project_template\x64\debug\project_template.ilk
c:\users\josie\downloads\project_template_diffuse(2)\project_template_diffuse\project_template\x64\debug\project_template.exe
c:\users\josie\downloads\project_template_diffuse(2)\project_template_diffuse\project_template\x64\debug\project_template.pdb
c:\users\josie\desktop\finalyear\comp3015 - games graphics\repo-comp3015-game-graphics-pipelines\project_template_diffuse\project_template\x64\debug\project_template.exe
c:\users\josie\desktop\finalyear\comp3015 - games graphics\repo-comp3015-game-graphics-pipelines\project_template_diffuse\project_template\x64\debug\project_template.ilk
c:\users\josie\desktop\finalyear\comp3015 - games graphics\repo-comp3015-game-graphics-pipelines\project_template_diffuse\project_template\x64\debug\project_template.pdb
c:\users\josie\desktop\finalyear\comp3015 - games graphics\repo-comp3015-game-graphics-pipelines\project_template_diffuse\project_template\x64\debug\project_template.tlog\cl.command.1.tlog
c:\users\josie\desktop\finalyear\comp3015 - games graphics\repo-comp3015-game-graphics-pipelines\project_template_diffuse\project_template\x64\debug\project_template.tlog\cl.read.1.tlog
c:\users\josie\desktop\finalyear\comp3015 - games graphics\repo-comp3015-game-graphics-pipelines\project_template_diffuse\project_template\x64\debug\project_template.tlog\cl.write.1.tlog
c:\users\josie\desktop\finalyear\comp3015 - games graphics\repo-comp3015-game-graphics-pipelines\project_template_diffuse\project_template\x64\debug\project_template.tlog\link.command.1.tlog
c:\users\josie\desktop\finalyear\comp3015 - games graphics\repo-comp3015-game-graphics-pipelines\project_template_diffuse\project_template\x64\debug\project_template.tlog\link.read.1.tlog
c:\users\josie\desktop\finalyear\comp3015 - games graphics\repo-comp3015-game-graphics-pipelines\project_template_diffuse\project_template\x64\debug\project_template.tlog\link.write.1.tlog
